2025-04-02T12:23:44.639885+0600 INFO Скрипт запущен.
2025-04-02T12:23:44.639885+0600 INFO Браузер запущен.
2025-04-02T12:23:50.206522+0600 INFO Ссылка https://omsk.zarplata.ru/ открыта.
2025-04-02T12:23:52.166136+0600 INFO Элемент //a[@data-qa="login"] найден.
2025-04-02T12:23:54.683905+0600 INFO Элемент //a[@data-qa="login"] нажат.
2025-04-02T12:23:54.935190+0600 INFO Элемент //span[@data-qa="expand-login-by-password-text"] найден.
2025-04-02T12:23:56.282147+0600 INFO Элемент //span[@data-qa="expand-login-by-password-text"] нажат.
2025-04-02T12:23:56.341284+0600 INFO Элемент //input[@data-qa="login-input-username"] найден.
2025-04-02T12:23:57.706763+0600 INFO В поле //input[@data-qa="login-input-username"] добавлено значение nastya.urusova.45@gmail.com.
2025-04-02T12:23:57.764881+0600 INFO Элемент //input[@data-qa="login-input-password"] найден.
2025-04-02T12:23:59.012824+0600 INFO В поле //input[@data-qa="login-input-password"] добавлено значение pA3-pg5-VAz-L24.
2025-04-02T12:23:59.059678+0600 INFO Элемент //button[@data-qa="account-login-submit"] найден.
2025-04-02T12:24:00.234435+0600 INFO Элемент //button[@data-qa="account-login-submit"] нажат.
2025-04-02T12:24:02.489882+0600 INFO Элемент //*[@aria-label="Расширенный поиск"] найден.
2025-04-02T12:24:05.101729+0600 INFO Элемент //*[@aria-label="Расширенный поиск"] нажат.
2025-04-02T12:24:05.152126+0600 INFO Элемент //input[@data-qa="vacancysearch__keywords-input" and @class="magritte-field___9S8Tw_7-1-17"] найден.
2025-04-02T12:24:06.336153+0600 INFO В поле //input[@data-qa="vacancysearch__keywords-input" and @class="magritte-field___9S8Tw_7-1-17"] добавлено значение python.
2025-04-02T12:24:06.398167+0600 INFO Элемент //button[@data-qa="chip-delete-action"] найден.
2025-04-02T12:24:06.410913+0600 INFO Страница прокручена до <selenium.webdriver.remote.webelement.WebElement (session="c98c5e441c97fbb4bd20af8cb83786d9", element="f.7BD921716D9F08E5A50629A63763C914.d.D4DD36DC4CE97F01402224D689080D18.e.226")>.
2025-04-02T12:24:07.875963+0600 INFO Элемент //button[@data-qa="chip-delete-action"] нажат.
2025-04-02T12:24:07.933212+0600 INFO Элемент //input[@data-qa="advanced-search-salary"] найден.
2025-04-02T12:24:07.947719+0600 INFO Страница прокручена до <selenium.webdriver.remote.webelement.WebElement (session="c98c5e441c97fbb4bd20af8cb83786d9", element="f.7BD921716D9F08E5A50629A63763C914.d.D4DD36DC4CE97F01402224D689080D18.e.204")>.
2025-04-02T12:24:09.167769+0600 INFO В поле //input[@data-qa="advanced-search-salary"] добавлено значение 90000.
2025-04-02T12:24:09.399388+0600 INFO Элемент //input[@data-qa="advanced-search__schedule-item_remote"] нажат.
2025-04-02T12:24:09.478187+0600 INFO Элемент //button[@data-qa="advanced-search-submit-button"] найден.
2025-04-02T12:24:13.816809+0600 INFO Элемент //button[@data-qa="advanced-search-submit-button"] нажат.
2025-04-02T12:24:13.817349+0600 INFO Скрипт окончен
2025-04-02T16:46:06.342973+0600 INFO Скрипт запущен.
2025-04-02T16:46:06.342973+0600 INFO Браузер запущен.
2025-04-02T16:46:12.365359+0600 INFO Ссылка https://omsk.zarplata.ru/ открыта.
2025-04-02T16:46:12.523129+0600 INFO Элемент //a[@data-qa="login"] найден.
2025-04-02T16:47:28.595186+0600 INFO Скрипт запущен.
2025-04-02T16:47:28.595186+0600 INFO Браузер запущен.
2025-04-02T16:47:34.184974+0600 INFO Ссылка https://omsk.zarplata.ru/ открыта.
2025-04-02T16:47:34.375518+0600 INFO Элемент //a[@data-qa="login"] найден.
2025-04-02T16:47:36.376130+0600 INFO Элемент //a[@data-qa="login"] нажат.
2025-04-02T16:47:36.440353+0600 INFO Элемент //span[@data-qa="expand-login-by-password-text"] найден.
2025-04-02T16:47:37.601389+0600 INFO Элемент //span[@data-qa="expand-login-by-password-text"] нажат.
2025-04-02T16:47:37.637580+0600 INFO Элемент //input[@data-qa="login-input-username"] найден.
2025-04-02T16:47:38.816966+0600 INFO В поле //input[@data-qa="login-input-username"] добавлено значение nastya.urusova.45@gmail.com.
2025-04-02T16:47:38.848071+0600 INFO Элемент //input[@data-qa="login-input-password"] найден.
2025-04-02T16:47:39.966484+0600 INFO В поле //input[@data-qa="login-input-password"] добавлено значение pA3-pg5-VAz-L24.
2025-04-02T16:47:39.998322+0600 INFO Элемент //button[@data-qa="account-login-submit"] найден.
2025-04-02T16:47:41.096810+0600 INFO Элемент //button[@data-qa="account-login-submit"] нажат.
2025-04-02T16:47:43.435066+0600 INFO Элемент //*[@aria-label="Расширенный поиск"] найден.
2025-04-02T16:47:45.888590+0600 INFO Элемент //*[@aria-label="Расширенный поиск"] нажат.
2025-04-02T16:47:45.926971+0600 INFO Элемент //input[@data-qa="vacancysearch__keywords-input" and @class="magritte-field___9S8Tw_7-1-17"] найден.
2025-04-02T16:47:47.062557+0600 INFO В поле //input[@data-qa="vacancysearch__keywords-input" and @class="magritte-field___9S8Tw_7-1-17"] добавлено значение python.
2025-04-02T16:47:47.097543+0600 INFO Элемент //button[@data-qa="chip-delete-action"] найден.
2025-04-02T16:47:47.104824+0600 INFO Страница прокручена до <selenium.webdriver.remote.webelement.WebElement (session="6f0b3d87abf3f472d721c0e4af91eb0a", element="f.6A03ED6B144989AB7F42DA1B9C62DD21.d.85B67EC9864056673707F22E5E4B0932.e.246")>.
2025-04-02T16:47:48.424949+0600 INFO Элемент //button[@data-qa="chip-delete-action"] нажат.
2025-04-02T16:47:48.463545+0600 INFO Элемент //input[@data-qa="advanced-search-salary"] найден.
2025-04-02T16:47:48.468562+0600 INFO Страница прокручена до <selenium.webdriver.remote.webelement.WebElement (session="6f0b3d87abf3f472d721c0e4af91eb0a", element="f.6A03ED6B144989AB7F42DA1B9C62DD21.d.85B67EC9864056673707F22E5E4B0932.e.225")>.
2025-04-02T16:47:49.556188+0600 INFO В поле //input[@data-qa="advanced-search-salary"] добавлено значение 90000.
2025-04-02T16:47:49.655929+0600 INFO Элемент //input[@data-qa="advanced-search__schedule-item_remote"] нажат.
2025-04-02T16:47:49.684366+0600 INFO Элемент //button[@data-qa="advanced-search-submit-button"] найден.
2025-04-02T16:47:53.027631+0600 INFO Элемент //button[@data-qa="advanced-search-submit-button"] нажат.
2025-04-02T16:47:53.027631+0600 INFO Скрипт окончен
